[debug] [2023-05-08T04:02:59.684Z] ----------------------------------------------------------------------
[debug] [2023-05-08T04:02:59.686Z] Command:       C:\Program Files\nodejs\node.exe C:\Users\User\AppData\Roaming\npm\node_modules\firebase-tools\lib\bin\firebase.js deploy --only hosting
[debug] [2023-05-08T04:02:59.687Z] CLI Version:   11.14.4
[debug] [2023-05-08T04:02:59.687Z] Platform:      win32
[debug] [2023-05-08T04:02:59.687Z] Node Version:  v18.13.0
[debug] [2023-05-08T04:02:59.688Z] Time:          Mon May 08 2023 12:02:59 GMT+0800 (Malaysia Time)
[debug] [2023-05-08T04:02:59.689Z] ----------------------------------------------------------------------
[debug] 
[debug] [2023-05-08T04:02:59.708Z] >>> [apiv2][query] GET https://firebase-public.firebaseio.com/cli.json [none]
[debug] [2023-05-08T04:02:59.893Z] > command requires scopes: ["email","openid","https://www.googleapis.com/auth/cloudplatformprojects.readonly","https://www.googleapis.com/auth/firebase","https://www.googleapis.com/auth/cloud-platform"]
[debug] [2023-05-08T04:02:59.894Z] > authorizing via signed-in user (baizura1996@gmail.com)
[debug] [2023-05-08T04:02:59.894Z] [iam] checking project calculator-9a7ab for permissions ["firebase.projects.get","firebasehosting.sites.update"]
[debug] [2023-05-08T04:02:59.896Z] > refreshing access token with scopes: []
[debug] [2023-05-08T04:02:59.898Z] >>> [apiv2][query] POST https://www.googleapis.com/oauth2/v3/token [none]
[debug] [2023-05-08T04:02:59.898Z] >>> [apiv2][body] POST https://www.googleapis.com/oauth2/v3/token [omitted]
[debug] [2023-05-08T04:03:00.013Z] <<< [apiv2][status] POST https://www.googleapis.com/oauth2/v3/token 400
[debug] [2023-05-08T04:03:00.014Z] <<< [apiv2][body] POST https://www.googleapis.com/oauth2/v3/token [omitted]
[debug] [2023-05-08T04:03:00.015Z] >>> [apiv2][query] POST https://cloudresourcemanager.googleapis.com/v1/projects/calculator-9a7ab:testIamPermissions [none]
[debug] [2023-05-08T04:03:00.015Z] >>> [apiv2][(partial)header] POST https://cloudresourcemanager.googleapis.com/v1/projects/calculator-9a7ab:testIamPermissions x-goog-quota-user=projects/calculator-9a7ab
[debug] [2023-05-08T04:03:00.015Z] >>> [apiv2][body] POST https://cloudresourcemanager.googleapis.com/v1/projects/calculator-9a7ab:testIamPermissions {"permissions":["firebase.projects.get","firebasehosting.sites.update"]}
[debug] [2023-05-08T04:03:00.390Z] <<< [apiv2][status] GET https://firebase-public.firebaseio.com/cli.json 200
[debug] [2023-05-08T04:03:00.390Z] <<< [apiv2][body] GET https://firebase-public.firebaseio.com/cli.json {"cloudBuildErrorAfter":1594252800000,"cloudBuildWarnAfter":1590019200000,"defaultNode10After":1594252800000,"minVersion":"3.0.5","node8DeploysDisabledAfter":1613390400000,"node8RuntimeDisabledAfter":1615809600000,"node8WarnAfter":1600128000000}
[debug] [2023-05-08T04:03:01.075Z] <<< [apiv2][status] POST https://cloudresourcemanager.googleapis.com/v1/projects/calculator-9a7ab:testIamPermissions 401
[debug] [2023-05-08T04:03:01.075Z] <<< [apiv2][body] POST https://cloudresourcemanager.googleapis.com/v1/projects/calculator-9a7ab:testIamPermissions {"error":{"code":401,"message":"Request had invalid authentication credentials. Expected OAuth 2 access token, login cookie or other valid authentication credential. See https://developers.google.com/identity/sign-in/web/devconsole-project.","status":"UNAUTHENTICATED","details":[{"@type":"type.googleapis.com/google.rpc.ErrorInfo","reason":"ACCESS_TOKEN_TYPE_UNSUPPORTED","metadata":{"service":"cloudresourcemanager.googleapis.com","method":"google.cloudresourcemanager.v1.Projects.TestIamPermissions"}}]}}
[debug] [2023-05-08T04:03:01.076Z] [iam] error while checking permissions, command may fail: FirebaseError: HTTP Error: 401, Request had invalid authentication credentials. Expected OAuth 2 access token, login cookie or other valid authentication credential. See https://developers.google.com/identity/sign-in/web/devconsole-project.
[debug] [2023-05-08T04:03:01.077Z] > refreshing access token with scopes: []
[debug] [2023-05-08T04:03:01.077Z] >>> [apiv2][query] POST https://www.googleapis.com/oauth2/v3/token [none]
[debug] [2023-05-08T04:03:01.077Z] >>> [apiv2][body] POST https://www.googleapis.com/oauth2/v3/token [omitted]
[debug] [2023-05-08T04:03:01.155Z] <<< [apiv2][status] POST https://www.googleapis.com/oauth2/v3/token 400
[debug] [2023-05-08T04:03:01.155Z] <<< [apiv2][body] POST https://www.googleapis.com/oauth2/v3/token [omitted]
[debug] [2023-05-08T04:03:01.157Z] >>> [apiv2][query] GET https://firebase.googleapis.com/v1beta1/projects/calculator-9a7ab [none]
[debug] [2023-05-08T04:03:01.297Z] <<< [apiv2][status] GET https://firebase.googleapis.com/v1beta1/projects/calculator-9a7ab 401
[debug] [2023-05-08T04:03:01.297Z] <<< [apiv2][body] GET https://firebase.googleapis.com/v1beta1/projects/calculator-9a7ab {"error":{"code":401,"message":"Request had invalid authentication credentials. Expected OAuth 2 access token, login cookie or other valid authentication credential. See https://developers.google.com/identity/sign-in/web/devconsole-project.","status":"UNAUTHENTICATED"}}
[debug] [2023-05-08T04:03:01.298Z] HTTP Error: 401, Request had invalid authentication credentials. Expected OAuth 2 access token, login cookie or other valid authentication credential. See https://developers.google.com/identity/sign-in/web/devconsole-project.
[debug] [2023-05-08T04:03:01.391Z] FirebaseError: HTTP Error: 401, Request had invalid authentication credentials. Expected OAuth 2 access token, login cookie or other valid authentication credential. See https://developers.google.com/identity/sign-in/web/devconsole-project.
    at responseToError (C:\Users\User\AppData\Roaming\npm\node_modules\firebase-tools\lib\responseToError.js:49:12)
    at RetryOperation._fn (C:\Users\User\AppData\Roaming\npm\node_modules\firebase-tools\lib\apiv2.js:288:77)
    at process.processTicksAndRejections (node:internal/process/task_queues:95:5)
[error] 
[error] Error: Failed to get Firebase project calculator-9a7ab. Please make sure the project exists and your account has permission to access it.
